# JRE version: OpenJDK Runtime Environment (17.0.6) (build 17.0.6+0-b2043.56-10027231)
# Java VM: OpenJDK 64-Bit Server VM (17.0.6+0-b2043.56-10027231, mixed mode, tiered, compressed oops, compressed class ptrs, g1 gc, windows-amd64)
GC Precious Log:
 CPUs: 4 total, 4 available
 Memory: 4001M
 Large Page Support: Disabled
 NUMA Support: Disabled
 Compressed Oops: Enabled (32-bit)
 Heap Region Size: 1M
 Heap Min Capacity: 8M
 Heap Initial Capacity: 64M
 Heap Max Capacity: 2G
 Pre-touch: Disabled
 Parallel Workers: 4
 Concurrent Workers: 1
 Concurrent Refinement Workers: 4
 Periodic GC: Disabled
Heap:
 garbage-first heap   total 519168K, used 153226K [0x0000000080000000, 0x0000000100000000)
  region size 1024K, 2 young (2048K), 2 survivors (2048K)
 Metaspace       used 109890K, committed 110528K, reserved 1146880K
  class space    used 14930K, committed 15232K, reserved 1048576K
GC Heap History (20 events):
Event: 36.651 GC heap after
{Heap after GC invocations=44 (full 0):
 garbage-first heap   total 194560K, used 104412K [0x0000000080000000, 0x0000000100000000)
  region size 1024K, 2 young (2048K), 2 survivors (2048K)
 Metaspace       used 94549K, committed 95168K, reserved 1138688K
  class space    used 12727K, committed 12992K, reserved 1048576K
}
Event: 36.983 GC heap before
{Heap before GC invocations=44 (full 0):
 garbage-first heap   total 194560K, used 160732K [0x0000000080000000, 0x0000000100000000)
  region size 1024K, 57 young (58368K), 2 survivors (2048K)
 Metaspace       used 94549K, committed 95168K, reserved 1138688K
  class space    used 12727K, committed 12992K, reserved 1048576K
}
Event: 36.997 GC heap after
{Heap after GC invocations=45 (full 0):
 garbage-first heap   total 519168K, used 105164K [0x0000000080000000, 0x0000000100000000)
  region size 1024K, 2 young (2048K), 2 survivors (2048K)
 Metaspace       used 94549K, committed 95168K, reserved 1138688K
  class space    used 12727K, committed 12992K, reserved 1048576K
}
Event: 45.045 GC heap before
{Heap before GC invocations=45 (full 0):
 garbage-first heap   total 519168K, used 415436K [0x0000000080000000, 0x0000000100000000)
  region size 1024K, 304 young (311296K), 2 survivors (2048K)
 Metaspace       used 102907K, committed 103616K, reserved 1138688K
  class space    used 13939K, committed 14272K, reserved 1048576K
}
Event: 45.180 GC heap after
{Heap after GC invocations=46 (full 0):
 garbage-first heap   total 519168K, used 134541K [0x0000000080000000, 0x0000000100000000)
  region size 1024K, 32 young (32768K), 32 survivors (32768K)
 Metaspace       used 102907K, committed 103616K, reserved 1138688K
  class space    used 13939K, committed 14272K, reserved 1048576K
}
Event: 46.150 GC heap before
{Heap before GC invocations=46 (full 0):
 garbage-first heap   total 519168K, used 214413K [0x0000000080000000, 0x0000000100000000)
  region size 1024K, 111 young (113664K), 32 survivors (32768K)
 Metaspace       used 104994K, committed 105600K, reserved 1146880K
  class space    used 14307K, committed 14592K, reserved 1048576K
}
Event: 46.803 GC heap after
{Heap after GC invocations=47 (full 0):
 garbage-first heap   total 519168K, used 145392K [0x0000000080000000, 0x0000000100000000)
  region size 1024K, 15 young (15360K), 15 survivors (15360K)
 Metaspace       used 104994K, committed 105600K, reserved 1146880K
  class space    used 14307K, committed 14592K, reserved 1048576K
}
Event: 47.688 GC heap before
{Heap before GC invocations=47 (full 0):
 garbage-first heap   total 519168K, used 175088K [0x0000000080000000, 0x0000000100000000)
  region size 1024K, 44 young (45056K), 15 survivors (15360K)
 Metaspace       used 105814K, committed 106496K, reserved 1146880K
  class space    used 14454K, committed 14784K, reserved 1048576K
}
Event: 48.675 GC heap after
{Heap after GC invocations=48 (full 0):
 garbage-first heap   total 519168K, used 152576K [0x0000000080000000, 0x0000000100000000)
  region size 1024K, 6 young (6144K), 6 survivors (6144K)
 Metaspace       used 105814K, committed 106496K, reserved 1146880K
  class space    used 14454K, committed 14784K, reserved 1048576K
}
Event: 53.288 GC heap before
{Heap before GC invocations=49 (full 0):
 garbage-first heap   total 519168K, used 234496K [0x0000000080000000, 0x0000000100000000)
  region size 1024K, 86 young (88064K), 6 survivors (6144K)
 Metaspace       used 109224K, committed 109952K, reserved 1146880K
  class space    used 14922K, committed 15232K, reserved 1048576K
}
Event: 53.309 GC heap after
{Heap after GC invocations=50 (full 0):
 garbage-first heap   total 519168K, used 155022K [0x0000000080000000, 0x0000000100000000)
  region size 1024K, 9 young (9216K), 9 survivors (9216K)
 Metaspace       used 109224K, committed 109952K, reserved 1146880K
  class space    used 14922K, committed 15232K, reserved 1048576K
}
Event: 53.506 GC heap before
{Heap before GC invocations=50 (full 0):
 garbage-first heap   total 519168K, used 170382K [0x0000000080000000, 0x0000000100000000)
  region size 1024K, 25 young (25600K), 9 survivors (9216K)
 Metaspace       used 109313K, committed 110016K, reserved 1146880K
  class space    used 14922K, committed 15232K, reserved 1048576K
}
Event: 53.981 GC heap after
{Heap after GC invocations=51 (full 0):
 garbage-first heap   total 519168K, used 154582K [0x0000000080000000, 0x0000000100000000)
  region size 1024K, 2 young (2048K), 2 survivors (2048K)
 Metaspace       used 109313K, committed 110016K, reserved 1146880K
  class space    used 14922K, committed 15232K, reserved 1048576K
}
Event: 54.512 GC heap before
{Heap before GC invocations=51 (full 0):
 garbage-first heap   total 519168K, used 194518K [0x0000000080000000, 0x0000000100000000)
  region size 1024K, 41 young (41984K), 2 survivors (2048K)
 Metaspace       used 109527K, committed 110208K, reserved 1146880K
  class space    used 14923K, committed 15232K, reserved 1048576K
}
Event: 54.516 GC heap after
{Heap after GC invocations=52 (full 0):
 garbage-first heap   total 519168K, used 153583K [0x0000000080000000, 0x0000000100000000)
  region size 1024K, 1 young (1024K), 1 survivors (1024K)
 Metaspace       used 109527K, committed 110208K, reserved 1146880K
  class space    used 14923K, committed 15232K, reserved 1048576K
}
Event: 55.896 GC heap before
{Heap before GC invocations=53 (full 0):
 garbage-first heap   total 519168K, used 223215K [0x0000000080000000, 0x0000000100000000)
  region size 1024K, 69 young (70656K), 1 survivors (1024K)
 Metaspace       used 109778K, committed 110464K, reserved 1146880K
  class space    used 14926K, committed 15232K, reserved 1048576K
}
Event: 55.905 GC heap after
{Heap after GC invocations=54 (full 0):
 garbage-first heap   total 519168K, used 155315K [0x0000000080000000, 0x0000000100000000)
  region size 1024K, 3 young (3072K), 3 survivors (3072K)
 Metaspace       used 109778K, committed 110464K, reserved 1146880K
  class space    used 14926K, committed 15232K, reserved 1048576K
}
Event: 55.999 GC heap before
{Heap before GC invocations=54 (full 0):
 garbage-first heap   total 519168K, used 177843K [0x0000000080000000, 0x0000000100000000)
  region size 1024K, 25 young (25600K), 3 survivors (3072K)
 Metaspace       used 109809K, committed 110464K, reserved 1146880K
  class space    used 14927K, committed 15232K, reserved 1048576K
}
Event: 56.011 GC heap after
{Heap after GC invocations=55 (full 0):
 garbage-first heap   total 519168K, used 153239K [0x0000000080000000, 0x0000000100000000)
  region size 1024K, 2 young (2048K), 2 survivors (2048K)
 Metaspace       used 109809K, committed 110464K, reserved 1146880K
  class space    used 14927K, committed 15232K, reserved 1048576K
}
Event: 57.077 GC heap before
{Heap before GC invocations=55 (full 0):
 garbage-first heap   total 519168K, used 279191K [0x0000000080000000, 0x0000000100000000)
  region size 1024K, 125 young (128000K), 2 survivors (2048K)
 Metaspace       used 109890K, committed 110528K, reserved 1146880K
  class space    used 14930K, committed 15232K, reserved 1048576K
}

